<?xml version="1.0" encoding="UTF-8"?>
<robot generator="Robot 3.2.2 (Python 3.8.8 on win32)" generated="20210317 12:47:46.731" rpa="false">
<suite id="s1" name="TC Demo Registration" source="C:\Users\anand\PycharmProjects\seleniumProject\Testcases\TC_Demo_Registration.robot">
<kw name="openmyBrowser" library="Demo_Registration" type="setup">
<kw name="Open Browser" library="SeleniumLibrary">
<doc>Opens a new browser instance to the given ``url``.</doc>
<arguments>
<arg>${loginurl}</arg>
<arg>${browser}</arg>
</arguments>
<msg timestamp="20210317 12:47:47.901" level="INFO">Opening browser 'chrome' to base url 'http://demo.guru99.com/test/newtours/'.</msg>
<status status="PASS" starttime="20210317 12:47:47.900" endtime="20210317 12:48:21.465"></status>
</kw>
<kw name="Sleep" library="BuiltIn">
<doc>Pauses the test executed for the given time.</doc>
<arguments>
<arg>5</arg>
</arguments>
<msg timestamp="20210317 12:48:26.466" level="INFO">Slept 5 seconds</msg>
<status status="PASS" starttime="20210317 12:48:21.465" endtime="20210317 12:48:26.466"></status>
</kw>
<kw name="Maximize Browser Window" library="SeleniumLibrary">
<doc>Maximizes current browser window.</doc>
<kw name="Capture Page Screenshot" library="SeleniumLibrary">
<doc>Takes screenshot of the current page and embeds it into log file.</doc>
<msg timestamp="20210317 12:48:26.487" level="FAIL">NoSuchWindowException: Message: no such window: target window already closed
from unknown error: web view not found
  (Session info: chrome=89.0.4389.90)
</msg>
<status status="FAIL" starttime="20210317 12:48:26.473" endtime="20210317 12:48:26.487"></status>
</kw>
<msg timestamp="20210317 12:48:26.488" level="WARN">Keyword 'Capture Page Screenshot' could not be run on failure: NoSuchWindowException: Message: no such window: target window already closed
from unknown error: web view not found
  (Session info: chrome=89.0.4389.90)
</msg>
<msg timestamp="20210317 12:48:26.539" level="FAIL">NoSuchWindowException: Message: no such window: target window already closed
from unknown error: web view not found
  (Session info: chrome=89.0.4389.90)
</msg>
<status status="FAIL" starttime="20210317 12:48:26.467" endtime="20210317 12:48:26.540"></status>
</kw>
<status status="FAIL" starttime="20210317 12:47:47.900" endtime="20210317 12:48:26.540"></status>
</kw>
<test id="s1-t1" name="Registeringdemowebsite">
<status status="FAIL" starttime="20210317 12:48:26.541" endtime="20210317 12:48:26.543" critical="yes">Parent suite setup failed:
NoSuchWindowException: Message: no such window: target window already closed
from unknown error: web view not found
  (Session info: chrome=89.0.4389.90)
</status>
</test>
<kw name="closingbrowser" library="Demo_Registration" type="teardown">
<kw name="Close All Browsers" library="SeleniumLibrary">
<doc>Closes all open browsers and resets the browser cache.</doc>
<status status="PASS" starttime="20210317 12:48:26.548" endtime="20210317 12:48:28.620"></status>
</kw>
<status status="PASS" starttime="20210317 12:48:26.548" endtime="20210317 12:48:28.620"></status>
</kw>
<status status="FAIL" starttime="20210317 12:47:46.734" endtime="20210317 12:48:28.620">Suite setup failed:
NoSuchWindowException: Message: no such window: target window already closed
from unknown error: web view not found
  (Session info: chrome=89.0.4389.90)
</status>
</suite>
<statistics>
<total>
<stat pass="0" fail="1">Critical Tests</stat>
<stat pass="0" fail="1">All Tests</stat>
</total>
<tag>
</tag>
<suite>
<stat pass="0" fail="1" id="s1" name="TC Demo Registration">TC Demo Registration</stat>
</suite>
</statistics>
<errors>
<msg timestamp="20210317 12:48:26.488" level="WARN">Keyword 'Capture Page Screenshot' could not be run on failure: NoSuchWindowException: Message: no such window: target window already closed
from unknown error: web view not found
  (Session info: chrome=89.0.4389.90)
</msg>
</errors>
</robot>
